<?xml version="1.0" encoding="UTF-8"?>
<!-- Generated by org.testng.reporters.JUnitReportReporter -->
<testsuite skipped="0" hostname="DESKTOP-E2DUOMM" name="testcases.Testcase_Transferfunds" tests="1" failures="0" timestamp="2019-12-05T13:37:15 EST" time="7.520" errors="0">
  <testcase name="transferfunds" time="7.520" classname="testcases.Testcase_Transferfunds"/>
</testsuite> <!-- testcases.Testcase_Transferfunds -->
