<?xml version="1.0" encoding="UTF-8"?>
<!-- Generated by org.testng.reporters.JUnitReportReporter -->
<testsuite skipped="0" hostname="DESKTOP-E2DUOMM" name="testcases.Testcase_AddPAyee" tests="1" failures="0" timestamp="2019-12-05T13:37:15 EST" time="7.745" errors="0">
  <testcase name="validateAddPayee" time="7.745" classname="testcases.Testcase_AddPAyee"/>
</testsuite> <!-- testcases.Testcase_AddPAyee -->
